{
  "RSpec": {
    "coverage": {
      "/Users/astarte/MyCodeExperiments/Pluralsight_Rspec_course/spec/round_spec.rb": [
        null,
        1,
        1,
        null,
        1,
        1,
        1,
        4,
        null,
        null,
        5,
        5,
        null,
        1,
        1,
        null,
        null,
        1,
        1,
        null,
        null,
        1,
        1,
        null,
        null,
        1,
        1,
        null,
        null,
        null
      ],
      "/Users/astarte/MyCodeExperiments/Pluralsight_Rspec_course/lib/round.rb": [
        null,
        1,
        1,
        4,
        8,
        null,
        4,
        null,
        null
      ],
      "/Users/astarte/MyCodeExperiments/Pluralsight_Rspec_course/lib/card.rb": [
        null,
        1,
        null,
        1,
        1,
        null,
        1,
        8,
        null,
        null,
        1,
        null,
        0,
        null,
        null,
        0,
        null,
        null,
        null,
        null,
        null,
        null,
        null,
        null,
        0,
        null,
        null,
        null,
        null,
        0,
        null,
        0,
        null,
        null,
        1,
        null,
        1,
        8,
        8,
        0,
        0,
        0,
        0,
        8,
        null,
        null,
        null,
        1,
        0,
        null,
        null,
        1,
        2,
        null,
        null,
        1,
        0,
        null,
        null,
        1,
        0,
        null,
        null,
        null,
        null
      ]
    },
    "timestamp": 1517575991
  }
}
