{
  "RSpec": {
    "coverage": {
      "/Users/astarte/MyCodeExperiments/Pluralsight_Rspec_course/spec/card_spec.rb": [
        1,
        null,
        1,
        1,
        20,
        null,
        null,
        null,
        20,
        null,
        null,
        1,
        1,
        null,
        null,
        1,
        1,
        null,
        null,
        1,
        3,
        1,
        3,
        1,
        1,
        null,
        null,
        1,
        1,
        null,
        null,
        1,
        1,
        2,
        2,
        null,
        null,
        2,
        2,
        null,
        null,
        null,
        1,
        3,
        3,
        1,
        null,
        null,
        1,
        3,
        3,
        1,
        null,
        null,
        null,
        null,
        null,
        null,
        1,
        1,
        1,
        null,
        null,
        null,
        1,
        1,
        1,
        1,
        1,
        null,
        null,
        null,
        1,
        1,
        1,
        1,
        1,
        null,
        null,
        null,
        1,
        1,
        1,
        null,
        null,
        1,
        1,
        null,
        null,
        1,
        1,
        null,
        null,
        1,
        1,
        null,
        null,
        1,
        1,
        null,
        null,
        null
      ],
      "/Users/astarte/MyCodeExperiments/Pluralsight_Rspec_course/lib/card.rb": [
        null,
        1,
        null,
        1,
        1,
        null,
        1,
        158,
        null,
        null,
        1,
        null,
        5,
        null,
        null,
        5,
        null,
        null,
        null,
        null,
        null,
        null,
        null,
        null,
        5,
        null,
        null,
        null,
        null,
        2,
        null,
        5,
        null,
        null,
        1,
        null,
        1,
        158,
        158,
        20,
        20,
        19,
        16,
        83,
        null,
        null,
        null,
        1,
        0,
        null,
        null,
        1,
        9,
        null,
        null,
        1,
        6,
        null,
        null,
        1,
        1,
        null,
        null
      ],
      "/Users/astarte/MyCodeExperiments/Pluralsight_Rspec_course/spec/cli_spec.rb": [
        1,
        1,
        null,
        null,
        null,
        1,
        1,
        null,
        null,
        null,
        null,
        null,
        null,
        null,
        null,
        null,
        1,
        null,
        null,
        1,
        0,
        0,
        0,
        0,
        0,
        0,
        null,
        null,
        null
      ],
      "/Users/astarte/MyCodeExperiments/Pluralsight_Rspec_course/spec/deck_spec.rb": [
        1,
        1,
        null,
        1,
        1,
        1,
        null,
        null,
        1,
        1,
        1,
        null,
        null,
        1,
        null,
        null,
        1,
        null,
        null,
        1,
        null,
        null,
        null,
        null,
        null,
        null,
        null,
        null,
        null,
        null,
        null,
        null,
        null,
        null,
        null,
        null,
        null,
        null,
        null,
        null,
        null,
        null,
        null,
        null,
        null,
        null,
        null,
        null,
        1,
        null,
        null,
        null,
        1,
        1,
        null,
        null,
        null,
        1,
        1,
        null,
        null,
        null
      ],
      "/Users/astarte/MyCodeExperiments/Pluralsight_Rspec_course/lib/deck.rb": [
        1,
        null,
        null,
        1,
        null,
        null,
        null,
        1,
        null,
        1,
        null,
        null,
        1,
        1,
        null,
        null,
        null,
        1,
        null,
        4,
        null,
        128,
        null,
        null,
        null
      ],
      "/Users/astarte/MyCodeExperiments/Pluralsight_Rspec_course/spec/custom_matchers.rb": [
        1,
        1,
        null,
        1,
        1,
        1,
        null,
        null,
        null,
        1,
        1,
        1,
        null,
        null,
        null,
        null,
        null,
        1,
        1,
        1,
        1,
        4,
        null,
        null,
        1,
        0,
        null,
        null,
        1,
        null,
        null,
        null,
        32,
        null,
        null,
        null,
        null,
        null
      ],
      "/Users/astarte/MyCodeExperiments/Pluralsight_Rspec_course/spec/expect_spec.rb": [
        1,
        1,
        1,
        1,
        1,
        null,
        null
      ]
    },
    "timestamp": 1517339610
  }
}
